<?xml version="1.0" encoding="UTF-8"?>
<!-- Generated by org.testng.reporters.JUnitReportReporter -->
<testsuite hostname="sss-1YDWGY3" failures="0" tests="2" name="ShoppingApp.tests.ErrorValidation" time="60.807" errors="0" timestamp="2024-12-13T11:15:10 IST" skipped="0">
  <testcase classname="ShoppingApp.tests.ErrorValidation" name="errorMessageCheck" time="21.546"/>
  <testcase classname="ShoppingApp.tests.ErrorValidation" name="ProductErrorValidation" time="39.261"/>
</testsuite> <!-- ShoppingApp.tests.ErrorValidation -->
