<?xml version="1.0" encoding="UTF-8"?>
<!-- Generated by org.testng.reporters.JUnitReportReporter -->
<testsuite hostname="sss-1YDWGY3" failures="0" tests="1" name="cucumber.TestngTestRunner" time="24.963" errors="0" timestamp="2024-09-22T21:14:55 IST" skipped="0">
  <testcase classname="cucumber.TestngTestRunner" name="runScenario" time="24.963"/>
</testsuite> <!-- cucumber.TestngTestRunner -->
