<?xml version="1.0" encoding="UTF-8"?>
<!-- Generated by org.testng.reporters.JUnitReportReporter -->
<testsuite hostname="sss-1YDWGY3" failures="0" tests="1" name="cucumber.TestngTestRunner" time="23.895" errors="0" timestamp="2024-07-18T22:56:53 IST" skipped="0">
  <testcase classname="cucumber.TestngTestRunner" name="runScenario" time="23.895"/>
</testsuite> <!-- cucumber.TestngTestRunner -->
